TN:
SF:farenheit.js
FN:1,farenheitToCelsius
FN:6,(anonymous_1)
FNF:2
FNH:2
FNDA:4,farenheitToCelsius
FNDA:4,(anonymous_1)
DA:2,4
DA:3,1
DA:5,3
DA:6,4
DA:9,2
DA:12,1
LF:6
LH:6
BRDA:2,0,0,1
BRDA:2,0,1,3
BRDA:5,1,0,1
BRDA:5,1,1,2
BRF:4
BRH:4
end_of_record
TN:
SF:unitTest.js
FN:1,addNumbers
FN:5,addStrings
FN:9,add
FNF:3
FNH:3
FNDA:8,addNumbers
FNDA:1,addStrings
FNDA:9,add
DA:2,8
DA:6,1
DA:10,9
DA:11,1
DA:13,8
DA:17,1
DA:19,1
LF:7
LH:7
BRDA:2,0,0,0
BRDA:2,0,1,8
BRDA:10,1,0,1
BRDA:10,1,1,8
BRDA:10,2,0,9
BRDA:10,2,1,1
BRF:6
BRH:5
end_of_record
